### ISSUE TITLE
Firefox tab crash on /doc/html/draft-* pages

### ISSUE THREAD

**Issue by nuclight** [ietf-tools/datatracker#9048]
### Describe the issue

Several weeks age, my Firefox started to "Gah. Your tab just crashed." on Internet-Draft pages. Probably there's some JavaScript changes on them. An example URL is https://datatracker.ietf.org/doc/html/draft-ietf-cbor-edn-literals-16

It is Firefox 126.0 in FreeBSD 13.4 Jail, with messages like `pid 86968 (firefox), jid 1, uid 1000: exited on signal 10` in `dmesg`.
(No, I can't update it currently because later versions are broken with Tree Style Tabs, that's why I've put in into Jail container for security).

### Code of Conduct

- [x] I agree to follow the [IETF's Code of Conduct](https://github.com/ietf-tools/.github/blob/main/CODE_OF_CONDUCT.md)

**Comment by jennifer-richards** [comment]
I don't believe we have made any changes to the JS on those pages in at least several months except for updating dependencies.

**Comment by nuclight** [comment]
I've caught it in the `lldb` debugger. Looking at functions names in backtrace, it is probably CSS issue. Or may be result of some JS altering CSS properties?..
```
(lldb) c
Process 96648 resuming
Process 96648 stopped
* thread #1, name = 'Isolated Web Con', stop reason = signal SIGBUS: object-specific hardware error
    frame #0: 0x00003c426800bfed libxul.so`style::gecko::values::_$LT$impl$u20$style..values..generics..CounterStyle$GT$::from_gecko_value::h7b11e111137f6f6c + 381
libxul.so`style::gecko::values::_$LT$impl$u20$style..values..generics..CounterStyle$GT$::from_gecko_value::h7b11e111137f6f6c:
->  0x3c426800bfed <+381>: movl   (%rbx), %eax
    0x3c426800bfef <+383>: testq  %rax, %rax
    0x3c426800bff2 <+386>: je     0x3c426800c140 ; <+720>
    0x3c426800bff8 <+392>: movb   %cl, -0x29(%rbp)
(lldb) bt
* thread #1, name = 'Isolated Web Con', stop reason = signal SIGBUS: object-specific hardware error
  * frame #0: 0x00003c426800bfed libxul.so`style::gecko::values::_$LT$impl$u20$style..values..generics..CounterStyle$GT$::from_gecko_value::h7b11e111137f6f6c + 381
    frame #1: 0x00003c4267a33723 libxul.so`style::style_adjuster::StyleAdjuster::adjust::hb9ac6429fbf898ed + 3827
    frame #2: 0x00003c4267a31cef libxul.so`style::properties::cascade::apply_declarations::h2b5236e7c857f0a9 + 1199
    frame #3: 0x00003c4267a3176d libxul.so`style::stylist::Stylist::cascade_style_and_visited::h6e94136daf3fbda4 + 365
    frame #4: 0x00003c4267ab4832 libxul.so`geckoservo::glue::get_pseudo_style::hf8f955f43e180b37 + 6914
    frame #5: 0x00003c4267ab2c72 libxul.so`Servo_ResolvePseudoStyle + 674
    frame #6: 0x00003c4265dda29f libxul.so`mozilla::ServoStyleSet::ResolvePseudoElementStyle(mozilla::dom::Element const&, mozilla::PseudoStyleType, nsAtom*, mozilla::ComputedStyle*, mozilla::ServoStyleSet::IsProbe) + 191
    frame #7: 0x00003c4265e70595 libxul.so`nsCSSFrameConstructor::CreateGeneratedContentItem(nsFrameConstructorState&, nsContainerFrame*, mozilla::dom::Element&, mozilla::ComputedStyle&, mozilla::PseudoStyleType, nsCSSFrameConstructor::FrameConstructionItemList&, mozilla::EnumSet<nsCSSFrameConstructor::ItemFlag, unsigned char>) + 165
    frame #8: 0x00003c4265e72aae libxul.so`nsCSSFrameConstructor::ProcessChildren(nsFrameConstructorState&, nsIContent*, mozilla::ComputedStyle*, nsContainerFrame*, bool, nsFrameList&, bool, nsIFrame*) + 1454
    frame #9: 0x00003c4265e768bc libxul.so`nsCSSFrameConstructor::ConstructBlock(nsFrameConstructorState&, nsIContent*, nsContainerFrame*, nsContainerFrame*, mozilla::ComputedStyle*, nsContainerFrame**, nsFrameList&, nsIFrame*) + 1036
    frame #10: 0x00003c4265e793a2 libxul.so`nsCSSFrameConstructor::ConstructNonScrollableBlock(nsFrameConstructorState&, nsCSSFrameConstructor::FrameConstructionItem&, nsContainerFrame*, nsStyleDisplay const*, nsFrameList&) + 290
    frame #11: 0x00003c4265e7a09d libxul.so`nsCSSFrameConstructor::ConstructFrameFromItemInternal(nsCSSFrameConstructor::FrameConstructionItem&, nsFrameConstructorState&, nsContainerFrame*, nsFrameList&) + 349
    frame #12: 0x00003c4265e7db2d libxul.so`nsCSSFrameConstructor::ConstructFramesFromItem(nsFrameConstructorState&, nsCSSFrameConstructor::FrameConstructionItemList::Iterator&, nsContainerFrame*, nsFrameList&) + 77
    frame #13: 0x00003c4265e7197e libxul.so`nsCSSFrameConstructor::ConstructFramesFromItemList(nsFrameConstructorState&, nsCSSFrameConstructor::FrameConstructionItemList&, nsContainerFrame*, bool, nsFrameList&) + 270
    frame #14: 0x00003c4265e72c5d libxul.so`nsCSSFrameConstructor::ProcessChildren(nsFrameConstructorState&, nsIContent*, mozilla::ComputedStyle*, nsContainerFrame*, bool, nsFrameList&, bool, nsIFrame*) + 1885
    frame #15: 0x00003c4265e768bc libxul.so`nsCSSFrameConstructor::ConstructBlock(nsFrameConstructorState&, nsIContent*, nsContainerFrame*, nsContainerFrame*, mozilla::ComputedStyle*, nsContainerFrame**, nsFrameList&, nsIFrame*) + 1036
    frame #16: 0x00003c4265e793a2 libxul.so`nsCSSFrameConstructor::ConstructNonScrollableBlock(nsFrameConstructorState&, nsCSSFrameConstructor::FrameConstructionItem&, nsContainerFrame*, nsStyleDisplay const*, nsFrameList&) + 290
    frame #17: 0x00003c4265e7a09d libxul.so`nsCSSFrameConstructor::ConstructFrameFromItemInternal(nsCSSFrameConstructor::FrameConstructionItem&, nsFrameConstructorState&, nsContainerFrame*, nsFrameList&) + 349
    frame #18: 0x00003c4265e7db2d libxul.so`nsCSSFrameConstructor::ConstructFramesFromItem(nsFrameConstructorState&, nsCSSFrameConstructor::FrameConstructionItemList::Iterator&, nsContainerFrame*, nsFrameList&) + 77
    frame #19: 0x00003c4265e7197e libxul.so`nsCSSFrameConstructor::ConstructFramesFromItemList(nsFrameConstructorState&, nsCSSFrameConstructor::FrameConstructionItemList&, nsContainerFrame*, bool, nsFrameList&) + 270
    frame #20: 0x00003c4265e72c5d libxul.so`nsCSSFrameConstructor::ProcessChildren(nsFrameConstructorState&, nsIContent*, mozilla::ComputedStyle*, nsContainerFrame*, bool, nsFrameList&, bool, nsIFrame*) + 1885
    frame #21: 0x00003c4265e768bc libxul.so`nsCSSFrameConstructor::ConstructBlock(nsFrameConstructorState&, nsIContent*, nsContainerFrame*, nsContainerFrame*, mozilla::ComputedStyle*, nsContainerFrame**, nsFrameList&, nsIFrame*) + 1036
    frame #22: 0x00003c4265e793a2 libxul.so`nsCSSFrameConstructor::ConstructNonScrollableBlock(nsFrameConstructorState&, nsCSSFrameConstructor::FrameConstructionItem&, nsContainerFrame*, nsStyleDisplay const*, nsFrameList&) + 290
    frame #23: 0x00003c4265e7a09d libxul.so`nsCSSFrameConstructor::ConstructFrameFromItemInternal(nsCSSFrameConstructor::FrameConstructionItem&, nsFrameConstructorState&, nsContainerFrame*, nsFrameList&) + 349
    frame #24: 0x00003c4265e7db2d libxul.so`nsCSSFrameConstructor::ConstructFramesFromItem(nsFrameConstructorState&, nsCSSFrameConstructor::FrameConstructionItemList::Iterator&, nsContainerFrame*, nsFrameList&) + 77
    frame #25: 0x00003c4265e7197e libxul.so`nsCSSFrameConstructor::ConstructFramesFromItemList(nsFrameConstructorState&, nsCSSFrameConstructor::FrameConstructionItemList&, nsContainerFrame*, bool, nsFrameList&) + 270
    frame #26: 0x00003c4265e72c5d libxul.so`nsCSSFrameConstructor::ProcessChildren(nsFrameConstructorState&, nsIContent*, mozilla::ComputedStyle*, nsContainerFrame*, bool, nsFrameList&, bool, nsIFrame*) + 1885
    frame #27: 0x00003c4265e768bc libxul.so`nsCSSFrameConstructor::ConstructBlock(nsFrameConstructorState&, nsIContent*, nsContainerFrame*, nsContainerFrame*, mozilla::ComputedStyle*, nsContainerFrame**, nsFrameList&, nsIFrame*) + 1036
    frame #28: 0x00003c4265e793a2 libxul.so`nsCSSFrameConstructor::ConstructNonScrollableBlock(nsFrameConstructorState&, nsCSSFrameConstructor::FrameConstructionItem&, nsContainerFrame*, nsStyleDisplay const*, nsFrameList&) + 290
    frame #29: 0x00003c4265e7a09d libxul.so`nsCSSFrameConstructor::ConstructFrameFromItemInternal(nsCSSFrameConstructor::FrameConstructionItem&, nsFrameConstructorState&, nsContainerFrame*, nsFrameList&) + 349
    frame #30: 0x00003c4265e7db2d libxul.so`nsCSSFrameConstructor::ConstructFramesFromItem(nsFrameConstructorState&, nsCSSFrameConstructor::FrameConstructionItemList::Iterator&, nsContainerFrame*, nsFrameList&) + 77
    frame #31: 0x00003c4265e7197e libxul.so`nsCSSFrameConstructor::ConstructFramesFromItemList(nsFrameConstructorState&, nsCSSFrameConstructor::FrameConstructionItemList&, nsContainerFrame*, bool, nsFrameList&) + 270
    frame #32: 0x00003c4265e72c5d libxul.so`nsCSSFrameConstructor::ProcessChildren(nsFrameConstructorState&, nsIContent*, mozilla::ComputedStyle*, nsContainerFrame*, bool, nsFrameList&, bool, nsIFrame*) + 1885
    frame #33: 0x00003c4265e768bc libxul.so`nsCSSFrameConstructor::ConstructBlock(nsFrameConstructorState&, nsIContent*, nsContainerFrame*, nsContainerFrame*, mozilla::ComputedStyle*, nsContainerFrame**, nsFrameList&, nsIFrame*) + 1036
    frame #34: 0x00003c4265e793a2 libxul.so`nsCSSFrameConstructor::ConstructNonScrollableBlock(nsFrameConstructorState&, nsCSSFrameConstructor::FrameConstructionItem&, nsContainerFrame*, nsStyleDisplay const*, nsFrameList&) + 290
    frame #35: 0x00003c4265e7a09d libxul.so`nsCSSFrameConstructor::ConstructFrameFromItemInternal(nsCSSFrameConstructor::FrameConstructionItem&, nsFrameConstructorState&, nsContainerFrame*, nsFrameList&) + 349
    frame #36: 0x00003c4265e7db2d libxul.so`nsCSSFrameConstructor::ConstructFramesFromItem(nsFrameConstructorState&, nsCSSFrameConstructor::FrameConstructionItemList::Iterator&, nsContainerFrame*, nsFrameList&) + 77
    frame #37: 0x00003c4265e7197e libxul.so`nsCSSFrameConstructor::ConstructFramesFromItemList(nsFrameConstructorState&, nsCSSFrameConstructor::FrameConstructionItemList&, nsContainerFrame*, bool, nsFrameList&) + 270
    frame #38: 0x00003c4265e72c5d libxul.so`nsCSSFrameConstructor::ProcessChildren(nsFrameConstructorState&, nsIContent*, mozilla::ComputedStyle*, nsContainerFrame*, bool, nsFrameList&, bool, nsIFrame*) + 1885
    frame #39: 0x00003c4265e768bc libxul.so`nsCSSFrameConstructor::ConstructBlock(nsFrameConstructorState&, nsIContent*, nsContainerFrame*, nsContainerFrame*, mozilla::ComputedStyle*, nsContainerFrame**, nsFrameList&, nsIFrame*) + 1036
    frame #40: 0x00003c4265e793a2 libxul.so`nsCSSFrameConstructor::ConstructNonScrollableBlock(nsFrameConstructorState&, nsCSSFrameConstructor::FrameConstructionItem&, nsContainerFrame*, nsStyleDisplay const*, nsFrameList&) + 290
    frame #41: 0x00003c4265e7a09d libxul.so`nsCSSFrameConstructor::ConstructFrameFromItemInternal(nsCSSFrameConstructor::FrameConstructionItem&, nsFrameConstructorState&, nsContainerFrame*, nsFrameList&) + 349
    frame #42: 0x00003c4265e7db2d libxul.so`nsCSSFrameConstructor::ConstructFramesFromItem(nsFrameConstructorState&, nsCSSFrameConstructor::FrameConstructionItemList::Iterator&, nsContainerFrame*, nsFrameList&) + 77
    frame #43: 0x00003c4265e7197e libxul.so`nsCSSFrameConstructor::ConstructFramesFromItemList(nsFrameConstructorState&, nsCSSFrameConstructor::FrameConstructionItemList&, nsContainerFrame*, bool, nsFrameList&) + 270
    frame #44: 0x00003c4265e72c5d libxul.so`nsCSSFrameConstructor::ProcessChildren(nsFrameConstructorState&, nsIContent*, mozilla::ComputedStyle*, nsContainerFrame*, bool, nsFrameList&, bool, nsIFrame*) + 1885
    frame #45: 0x00003c4265e768bc libxul.so`nsCSSFrameConstructor::ConstructBlock(nsFrameConstructorState&, nsIContent*, nsContainerFrame*, nsContainerFrame*, mozilla::ComputedStyle*, nsContainerFrame**, nsFrameList&, nsIFrame*) + 1036
    frame #46: 0x00003c4265e793a2 libxul.so`nsCSSFrameConstructor::ConstructNonScrollableBlock(nsFrameConstructorState&, nsCSSFrameConstructor::FrameConstructionItem&, nsContainerFrame*, nsStyleDisplay const*, nsFrameList&) + 290
    frame #47: 0x00003c4265e7a09d libxul.so`nsCSSFrameConstructor::ConstructFrameFromItemInternal(nsCSSFrameConstructor::FrameConstructionItem&, nsFrameConstructorState&, nsContainerFrame*, nsFrameList&) + 349
    frame #48: 0x00003c4265e7db2d libxul.so`nsCSSFrameConstructor::ConstructFramesFromItem(nsFrameConstructorState&, nsCSSFrameConstructor::FrameConstructionItemList::Iterator&, nsContainerFrame*, nsFrameList&) + 77
    frame #49: 0x00003c4265e7197e libxul.so`nsCSSFrameConstructor::ConstructFramesFromItemList(nsFrameConstructorState&, nsCSSFrameConstructor::FrameConstructionItemList&, nsContainerFrame*, bool, nsFrameList&) + 270
    frame #50: 0x00003c4265e72c5d libxul.so`nsCSSFrameConstructor::ProcessChildren(nsFrameConstructorState&, nsIContent*, mozilla::ComputedStyle*, nsContainerFrame*, bool, nsFrameList&, bool, nsIFrame*) + 1885
    frame #51: 0x00003c4265e7a9fa libxul.so`nsCSSFrameConstructor::ConstructFrameFromItemInternal(nsCSSFrameConstructor::FrameConstructionItem&, nsFrameConstructorState&, nsContainerFrame*, nsFrameList&) + 2746
    frame #52: 0x00003c4265e7db2d libxul.so`nsCSSFrameConstructor::ConstructFramesFromItem(nsFrameConstructorState&, nsCSSFrameConstructor::FrameConstructionItemList::Iterator&, nsContainerFrame*, nsFrameList&) + 77
    frame #53: 0x00003c4265e7197e libxul.so`nsCSSFrameConstructor::ConstructFramesFromItemList(nsFrameConstructorState&, nsCSSFrameConstructor::FrameConstructionItemList&, nsContainerFrame*, bool, nsFrameList&) + 270
    frame #54: 0x00003c4265e72c5d libxul.so`nsCSSFrameConstructor::ProcessChildren(nsFrameConstructorState&, nsIContent*, mozilla::ComputedStyle*, nsContainerFrame*, bool, nsFrameList&, bool, nsIFrame*) + 1885
    frame #55: 0x00003c4265e7a9fa libxul.so`nsCSSFrameConstructor::ConstructFrameFromItemInternal(nsCSSFrameConstructor::FrameConstructionItem&, nsFrameConstructorState&, nsContainerFrame*, nsFrameList&) + 2746
    frame #56: 0x00003c4265e7db2d libxul.so`nsCSSFrameConstructor::ConstructFramesFromItem(nsFrameConstructorState&, nsCSSFrameConstructor::FrameConstructionItemList::Iterator&, nsContainerFrame*, nsFrameList&) + 77
    frame #57: 0x00003c4265e7197e libxul.so`nsCSSFrameConstructor::ConstructFramesFromItemList(nsFrameConstructorState&, nsCSSFrameConstructor::FrameConstructionItemList&, nsContainerFrame*, bool, nsFrameList&) + 270
    frame #58: 0x00003c4265e81149 libxul.so`nsCSSFrameConstructor::ContentAppended(nsIContent*, nsCSSFrameConstructor::InsertionKind) + 2089
    frame #59: 0x00003c4265e541c5 libxul.so`mozilla::RestyleManager::ProcessRestyledFrames(nsStyleChangeList&) + 677
    frame #60: 0x00003c4265e57d0e libxul.so`mozilla::RestyleManager::DoProcessPendingRestyles(mozilla::ServoTraversalFlags) + 1406
    frame #61: 0x00003c4265e3fd23 libxul.so`mozilla::PresShell::DoFlushPendingNotifications(mozilla::ChangesToFlush) + 1859
    frame #62: 0x00003c4265e174c9 libxul.so`nsRefreshDriver::TickObserverArray(unsigned int, mozilla::TimeStamp) + 1689
    frame #63: 0x00003c4265e1489a libxul.so`nsRefreshDriver::Tick(mozilla::layers::BaseTransactionId<mozilla::VsyncIdType>, mozilla::TimeStamp, nsRefreshDriver::IsExtraTick) + 2522
    frame #64: 0x00003c4265e1b5f2 libxul.so`mozilla::RefreshDriverTimer::TickRefreshDrivers(mozilla::layers::BaseTransactionId<mozilla::VsyncIdType>, mozilla::TimeStamp, nsTArray<RefPtr<nsRefreshDriver>>&) + 242
    frame #65: 0x00003c4265e1b461 libxul.so`mozilla::RefreshDriverTimer::Tick(mozilla::layers::BaseTransactionId<mozilla::VsyncIdType>, mozilla::TimeStamp) + 97
    frame #66: 0x00003c4265e1acb4 libxul.so`mozilla::VsyncRefreshDriverTimer::TickRefreshDriver(mozilla::layers::BaseTransactionId<mozilla::VsyncIdType>, mozilla::TimeStamp) + 372
    frame #67: 0x00003c4265e1a55a libxul.so`mozilla::VsyncRefreshDriverTimer::RefreshDriverVsyncObserver::NotifyVsync(mozilla::VsyncEvent const&) + 186
    frame #68: 0x00003c42656be954 libxul.so`mozilla::dom::VsyncMainChild::RecvNotify(mozilla::VsyncEvent const&, float const&) + 180
    frame #69: 0x00003c42657fea94 libxul.so`mozilla::dom::PVsyncChild::OnMessageReceived(IPC::Message const&) + 516
    frame #70: 0x00003c426346cb49 libxul.so`mozilla::ipc::PBackgroundChild::OnMessageReceived(IPC::Message const&) + 329
    frame #71: 0x00003c4263442191 libxul.so`mozilla::ipc::MessageChannel::DispatchAsyncMessage(mozilla::ipc::ActorLifecycleProxy*, IPC::Message const&) + 193
    frame #72: 0x00003c4263441348 libxul.so`mozilla::ipc::MessageChannel::DispatchMessage(mozilla::ipc::ActorLifecycleProxy*, mozilla::UniquePtr<IPC::Message, mozilla::DefaultDelete<IPC::Message>>) + 360
    frame #73: 0x00003c42634416d7 libxul.so`mozilla::ipc::MessageChannel::RunMessage(mozilla::ipc::ActorLifecycleProxy*, mozilla::ipc::MessageChannel::MessageTask&) + 247
    frame #74: 0x00003c4263441ba4 libxul.so`mozilla::ipc::MessageChannel::MessageTask::Run() + 116
    frame #75: 0x00003c4262e7cb83 libxul.so`mozilla::RunnableTask::Run() + 19
    frame #76: 0x00003c4262e793b4 libxul.so`mozilla::TaskController::DoExecuteNextTaskOnlyMainThreadInternal(mozilla::detail::BaseAutoLock<mozilla::Mutex&> const&) + 1444
    frame #77: 0x00003c4262e7861b libxul.so`mozilla::TaskController::ExecuteNextTaskOnlyMainThreadInternal(mozilla::detail::BaseAutoLock<mozilla::Mutex&> const&) + 43
    frame #78: 0x00003c4262e7f248 libxul.so`mozilla::detail::RunnableFunction<mozilla::TaskController::TaskController()::$_0>::Run() + 56
    frame #79: 0x00003c4262e8ba5e libxul.so`nsThread::ProcessNextEvent(bool, bool*) + 990
    frame #80: 0x00003c4262e8fe0f libxul.so`NS_ProcessNextEvent(nsIThread*, bool) + 79
    frame #81: 0x00003c4263444887 libxul.so`mozilla::ipc::MessagePump::Run(base::MessagePump::Delegate*) + 135
    frame #82: 0x00003c42633f7a17 libxul.so`MessageLoop::Run() + 87
    frame #83: 0x00003c4265b89fe9 libxul.so`nsBaseAppShell::Run() + 41
    frame #84: 0x00003c4265c26f4f libxul.so`nsAppShell::Run() + 255
    frame #85: 0x00003c4266b9fe60 libxul.so`XRE_RunAppShell() + 80
    frame #86: 0x00003c42633f7a17 libxul.so`MessageLoop::Run() + 87
    frame #87: 0x00003c4266b9fc6d libxul.so`XRE_InitChildProcess(int, char**, XREChildData const*) + 1213
    frame #88: 0x00003c3a08ff038f firefox`main + 799
    frame #89: 0x00003c3a08fefe1d firefox`_start(ap=<unavailable>, cleanup=<unavailable>) at crt1_c.c:71:7
(lldb) register read
General Purpose Registers:
       rax = 0x00003c42885f7a50
       rbx = 0x3f8000003f7d0001
       rcx = 0x0000000000000000
       rdx = 0x0000000000008202
       rdi = 0x00003c42ac3c9e90
       rsi = 0x00003c42ac3c9e90
       rbp = 0x00003c4229b961b0
       rsp = 0x00003c4229b960f0
        r8 = 0x00003c426175c710  
        r9 = 0x0000000000000000
       r10 = 0x00003c4229b964c8
       r11 = 0x00003c42751c0140
       r12 = 0x00003c4229b961f0
       r13 = 0x00003c4229b964c8
       r14 = 0x00003c42ac3c9e90
       r15 = 0x00003c4229b967d8
       rip = 0x00003c426800bfed  libxul.so`style::gecko::values::_$LT$impl$u20$style..values..generics..CounterStyle$GT$::from_gecko_value::h7b11e111137f6f6c + 381
    rflags = 0x0000000000010246
        cs = 0x0000000000000043
        fs = 0x0013
        gs = 0x001b
        ss = 0x000000000000003b
        ds = 0x003b
        es = 0x003b

(lldb) x 0x3f8000003f7d0001
error: memory read failed for 0x3f8000003f7d0000
```

**Comment by rjsparks** [comment]
Whatever this is, it's probably better discussed directly with the Firefox project.

**Comment by nuclight** [comment]
Yes, but this is another line, and even for them, I think, at least from IETF side we could see some commits with rendering changes last month? E.g. it can help Firefox team to hunt down bug faster... I see words like "NonScrollableBlock" and "Counter" in the trace...

**Comment by jennifer-richards** [comment]
As I said, I don't think we've touched our code on those pages in recent months. 

I would suggest seeing if you can replicate in a more conventional browser setup, otherwise there's not a lot we can do to assist. The page you pointed at works for me on a current firefox and we haven't had any reports of anything like what you're seeing.

**Comment by rjsparks** [comment]
Closing this as not actionable (by this project).
